cp: cannot open '/etc/default/cacerts' for reading: Permission denied
dpkg-repack: erlang-src
dpkg-repack: erlang-ssh
dpkg-repack: erlang-ssl
dpkg-repack: erlang-syntax-tools
dpkg-repack: erlang-test-server
dpkg-repack: erlang-toolbar
dpkg-repack: erlang-tools
dpkg-repack: erlang-tv
dpkg-repack: erlang-typer
dpkg-repack: erlang-webtool
dpkg-repack: erlang-wx
dpkg-repack: erlang-xmerl
dpkg-repack: esound-common
dpkg-repack: ethtool
dpkg-repack: exiftran
dpkg-repack: extlinux
dpkg-repack: firebird2.5-common
dpkg-repack: firebird2.5-common-doc
dpkg-repack: firebird2.5-server-common
dpkg-repack: fonts-dejavu-core
dpkg-repack: fonts-dejavu-extra
dpkg-repack: fonts-droid
dpkg-repack: fonts-horai-umefont
dpkg-repack: fonts-lmodern
dpkg-repack: fonts-mathjax
dpkg-repack: fonts-unfonts-core
dpkg-repack: fop
dpkg-repack: freepats
dpkg-repack: frei0r-plugins
dpkg-repack: g++
dpkg-repack: g++-4.8
dpkg-repack: gcc-4.8
dpkg-repack: gcc-4.8-base
dpkg-repack: gcj-4.8-jre-lib
dpkg-repack: gdebi-core
dpkg-repack: gimp-data
dpkg-repack: gimp-gmic
dpkg-repack: gimp-help-common
dpkg-repack: gir1.2-ebookcontacts-1.2
dpkg-repack: gir1.2-gck-1
dpkg-repack: gir1.2-gconf-2.0
dpkg-repack: gir1.2-gcr-3
dpkg-repack: gir1.2-gdesktopenums-3.0
dpkg-repack: gir1.2-gee-0.8
dpkg-repack: gir1.2-gnomedesktop-3.0
dpkg-repack: gir1.2-gtk-2.0
dpkg-repack: gir1.2-ibus-1.0
dpkg-repack: gir1.2-nautilus-3.0
dpkg-repack: gir1.2-panelapplet-4.0
dpkg-repack: gir1.2-poppler-0.18
dpkg-repack: gir1.2-rsvg-2.0
dpkg-repack: git-man
dpkg-repack: gkamus-data
dpkg-repack: gksu
dpkg-repack: gnome-applets
dpkg-repack: gnome-applets-data
dpkg-repack: gnome-exe-thumbnailer
dpkg-repack: gnome-media
dpkg-repack: gnome-panel-data
dpkg-repack: gnome-session-flashback
dpkg-repack: gnome-shell-common
dpkg-repack: gnome-themes-standard
dpkg-repack: gnome-themes-standard-data
dpkg-repack: gnome-video-effects
dpkg-repack: gnubg-data
dpkg-repack: gnupg2
dpkg-repack: gnupg-agent
dpkg-repack: gnustep-base-common
dpkg-repack: gnustep-base-runtime
dpkg-repack: gnustep-common
dpkg-repack: gobject-introspection
dpkg-repack: golang-doc
dpkg-repack: golang-go
dpkg-repack: golang-go-linux-386
dpkg-repack: golang-src
dpkg-repack: gpgsm
dpkg-repack: gtk2-engines-pixbuf
dpkg-repack: gyp
dpkg-repack: hddtemp
dpkg-repack: hydra
dpkg-repack: icedtea-7-jre-jamvm
dpkg-repack: icoutils
dpkg-repack: imagemagick-common
dpkg-repack: indicator-applet-complete
dpkg-repack: indicator-keyboard
dpkg-repack: File not found: /var/lib/polkit-1/localauthority
dpkg-repack: init-system-helpers
dpkg-repack: iproute2
dpkg-repack: java-common
dpkg-repack: javascript-common
dpkg-repack: java-wrappers
dpkg-repack: junit
dpkg-repack: junit4
dpkg-repack: krb5-multidev
dpkg-repack: ksh
dpkg-repack: latex-beamer
dpkg-repack: latex-xcolor
dpkg-repack: leap-keymanager
dpkg-repack: leap-mail
dpkg-repack: liba52-0.7.4
dpkg-repack: libaacs0
dpkg-repack: libaccount-plugin-generic-oauth
dpkg-repack: libaccount-plugin-google
dpkg-repack: libaccounts-qt5-1
dpkg-repack: libaio1
dpkg-repack: libalgorithm-diff-perl
dpkg-repack: libalgorithm-diff-xs-perl
dpkg-repack: libalgorithm-merge-perl
dpkg-repack: libalut0
dpkg-repack: libao4
dpkg-repack: libao-common
dpkg-repack: libapache2-mod-php5
dpkg-repack: libapache2-mod-wsgi
dpkg-repack: libapache-pom-java
dpkg-repack: libapparmor1
dpkg-repack: libapparmor-perl
dpkg-repack: libapr1
dpkg-repack: libapr1-dev
dpkg-repack: libaprutil1
dpkg-repack: libaprutil1-dbd-sqlite3
dpkg-repack: libaprutil1-dev
dpkg-repack: libaprutil1-ldap
dpkg-repack: libart2.0-cil
dpkg-repack: libasan0
dpkg-repack: libasm3-java
dpkg-repack: libasound2-data
dpkg-repack: libass4
dpkg-repack: libassuan0
dpkg-repack: libatk1.0-dev
dpkg-repack: libatk-bridge2.0-dev
dpkg-repack: libatkmm-1.6-dev
dpkg-repack: libatk-wrapper-java
dpkg-repack: libatk-wrapper-java-jni
dpkg-repack: libatm1
dpkg-repack: libatomic1
dpkg-repack: libaudiofile1
dpkg-repack: libaudio-scrobbler-perl
dpkg-repack: libauthen-sasl-perl
dpkg-repack: libautodie-perl
dpkg-repack: libavalon-framework-java
dpkg-repack: libavcodec53
dpkg-repack: libavcodec-extra-54
dpkg-repack: libavdevice53
dpkg-repack: libavfilter2
dpkg-repack: libavformat53
dpkg-repack: libav-tools
dpkg-repack: libavutil51
